-------------------------------------------------------------------------------
Test set: edu.yu.cs.com1320.project.stage5.DPMTests
-------------------------------------------------------------------------------
Tests run: 11, Failures: 0, Errors: 9, Skipped: 0, Time elapsed: 0.071 s <<< FAILURE! - in edu.yu.cs.com1320.project.stage5.DPMTests
edu.yu.cs.com1320.project.stage5.DPMTests.stage4TestMaxDocCountViaPut  Time elapsed: 0.006 s  <<< ERROR!
java.lang.NullPointerException: Cannot invoke "edu.yu.cs.com1320.project.stage5.Document.getLastUseTime()" because the return value of "edu.yu.cs.com1320.project.BTree.get(java.lang.Comparable)" is null
	at edu.yu.cs.com1320.project.stage5.DPMTests.stage4TestMaxDocCountViaPut(DPMTests.java:149)

edu.yu.cs.com1320.project.stage5.DPMTests.undoPutOverwrite  Time elapsed: 0.001 s  <<< ERROR!
java.lang.NullPointerException: Cannot invoke "edu.yu.cs.com1320.project.stage5.Document.getLastUseTime()" because the return value of "edu.yu.cs.com1320.project.BTree.get(java.lang.Comparable)" is null
	at edu.yu.cs.com1320.project.stage5.DPMTests.undoPutOverwrite(DPMTests.java:247)

edu.yu.cs.com1320.project.stage5.DPMTests.undoPutPushesDocOut  Time elapsed: 0.002 s  <<< ERROR!
java.lang.NullPointerException: Cannot invoke "edu.yu.cs.com1320.project.stage5.Document.getLastUseTime()" because the return value of "edu.yu.cs.com1320.project.BTree.get(java.lang.Comparable)" is null
	at edu.yu.cs.com1320.project.stage5.DPMTests.undoPutPushesDocOut(DPMTests.java:203)

edu.yu.cs.com1320.project.stage5.DPMTests.stage4TestUpdateDocLastUseTimeOnSearchByPrefix  Time elapsed: 0.002 s  <<< ERROR!
java.lang.NullPointerException: Cannot invoke "edu.yu.cs.com1320.project.stage5.Document.getLastUseTime()" because the return value of "edu.yu.cs.com1320.project.BTree.get(java.lang.Comparable)" is null
	at edu.yu.cs.com1320.project.stage5.DPMTests.stage4TestUpdateDocLastUseTimeOnSearchByPrefix(DPMTests.java:187)

edu.yu.cs.com1320.project.stage5.DPMTests.TestTextDoc  Time elapsed: 0.003 s  <<< ERROR!
java.lang.NullPointerException: Cannot invoke "java.net.URI.hashCode()" because "this.uri" is null
	at edu.yu.cs.com1320.project.stage5.DPMTests.TestTextDoc(DPMTests.java:66)

edu.yu.cs.com1320.project.stage5.DPMTests.TestBinaryDoc  Time elapsed: 0 s  <<< ERROR!
java.lang.RuntimeException: java.lang.NullPointerException: Cannot invoke "edu.yu.cs.com1320.project.stage5.Document.getDocumentTxt()" because "doc" is null
	at edu.yu.cs.com1320.project.stage5.DPMTests.TestBinaryDoc(DPMTests.java:88)
Caused by: java.lang.NullPointerException: Cannot invoke "edu.yu.cs.com1320.project.stage5.Document.getDocumentTxt()" because "doc" is null
	at edu.yu.cs.com1320.project.stage5.DPMTests.TestBinaryDoc(DPMTests.java:88)

edu.yu.cs.com1320.project.stage5.DPMTests.undoUriPutPushesDocOut  Time elapsed: 0.001 s  <<< ERROR!
java.lang.NullPointerException: Cannot invoke "edu.yu.cs.com1320.project.stage5.Document.getLastUseTime()" because the return value of "edu.yu.cs.com1320.project.BTree.get(java.lang.Comparable)" is null
	at edu.yu.cs.com1320.project.stage5.DPMTests.undoUriPutPushesDocOut(DPMTests.java:226)

edu.yu.cs.com1320.project.stage5.DPMTests.undoUriPutOverwrite  Time elapsed: 0 s  <<< ERROR!
java.lang.NullPointerException: Cannot invoke "edu.yu.cs.com1320.project.stage5.Document.getLastUseTime()" because the return value of "edu.yu.cs.com1320.project.BTree.get(java.lang.Comparable)" is null
	at edu.yu.cs.com1320.project.stage5.DPMTests.undoUriPutOverwrite(DPMTests.java:274)

edu.yu.cs.com1320.project.stage5.DPMTests.stage4TestMaxDocCountViaSearch  Time elapsed: 0.001 s  <<< ERROR!
java.lang.NullPointerException: Cannot invoke "edu.yu.cs.com1320.project.stage5.Document.getLastUseTime()" because the return value of "edu.yu.cs.com1320.project.BTree.get(java.lang.Comparable)" is null
	at edu.yu.cs.com1320.project.stage5.DPMTests.stage4TestMaxDocCountViaSearch(DPMTests.java:166)

