<?xml version="1.0" encoding="UTF-8"?>
<testsuite xmlns:xsi="http://www.w3.org/2001/XMLSchema-instance" xsi:noNamespaceSchemaLocation="https://maven.apache.org/surefire/maven-surefire-plugin/xsd/surefire-test-report-3.0.xsd" version="3.0" name="edu.yu.cs.com1320.project.stage5.UndoTest" time="0.031" tests="11" errors="3" skipped="0" failures="4">
  <properties>
[...]
</properties>
  <testcase name="stage3PlainUndoThatImpactsMultiple" classname="edu.yu.cs.com1320.project.stage5.UndoTest" time="0.004">
    <error type="java.lang.NullPointerException"><![CDATA[java.lang.NullPointerException: Cannot invoke "edu.yu.cs.com1320.project.stage5.Document.getWords()" because "doc" is null
	at edu.yu.cs.com1320.project.stage5.UndoTest.stage3PlainUndoThatImpactsMultiple(UndoTest.java:98)
]]></error>
  </testcase>
  <testcase name="stage3UndoByURIThatImpactsEarlierThanLast" classname="edu.yu.cs.com1320.project.stage5.UndoTest" time="0.003">
    <error type="java.lang.NullPointerException"><![CDATA[java.lang.NullPointerException: Cannot invoke "edu.yu.cs.com1320.project.stage5.Document.getWords()" because "doc" is null
	at edu.yu.cs.com1320.project.stage5.UndoTest.stage3UndoByURIThatImpactsEarlierThanLast(UndoTest.java:166)
]]></error>
  </testcase>
  <testcase name="undoNthDeleteByURI" classname="edu.yu.cs.com1320.project.stage5.UndoTest" time="0.002"/>
  <testcase name="undoAfterOnePut" classname="edu.yu.cs.com1320.project.stage5.UndoTest" time="0.001">
    <failure type="org.opentest4j.AssertionFailedError"><![CDATA[org.opentest4j.AssertionFailedError: Put was undone - should have been null ==> expected: <null> but was: <edu.yu.cs.com1320.project.stage5.impl.DocumentImpl@d5ba1f91>
	at edu.yu.cs.com1320.project.stage5.UndoTest.undoAfterOnePut(UndoTest.java:190)
]]></failure>
  </testcase>
  <testcase name="stage3UndoByURIThatImpactsOne" classname="edu.yu.cs.com1320.project.stage5.UndoTest" time="0.002">
    <error type="java.lang.NullPointerException"><![CDATA[java.lang.NullPointerException: Cannot invoke "edu.yu.cs.com1320.project.stage5.Document.getWords()" because "doc" is null
	at edu.yu.cs.com1320.project.stage5.UndoTest.stage3UndoByURIThatImpactsOne(UndoTest.java:130)
]]></error>
  </testcase>
  <testcase name="undoNthPutByURI" classname="edu.yu.cs.com1320.project.stage5.UndoTest" time="0.002">
    <failure type="org.opentest4j.AssertionFailedError"><![CDATA[org.opentest4j.AssertionFailedError: should've returned null - put was undone ==> expected: <null> but was: <edu.yu.cs.com1320.project.stage5.impl.DocumentImpl@248c5e17>
	at edu.yu.cs.com1320.project.stage5.UndoTest.undoNthPutByURI(UndoTest.java:253)
]]></failure>
  </testcase>
  <testcase name="undoDelete" classname="edu.yu.cs.com1320.project.stage5.UndoTest" time="0.002"/>
  <testcase name="undoAfterMultiplePuts" classname="edu.yu.cs.com1320.project.stage5.UndoTest" time="0.002">
    <failure type="org.opentest4j.AssertionFailedError"><![CDATA[org.opentest4j.AssertionFailedError: should've been null - put doc4 was undone ==> expected: <null> but was: <edu.yu.cs.com1320.project.stage5.impl.DocumentImpl@6a24e7c9>
	at edu.yu.cs.com1320.project.stage5.UndoTest.undoAfterMultiplePuts(UndoTest.java:221)
]]></failure>
  </testcase>
  <testcase name="undoOverwriteByURI" classname="edu.yu.cs.com1320.project.stage5.UndoTest" time="0.002">
    <failure type="org.opentest4j.AssertionFailedError"><![CDATA[org.opentest4j.AssertionFailedError: should've returned original text ==> expected: <true> but was: <false>
	at edu.yu.cs.com1320.project.stage5.UndoTest.undoOverwriteByURI(UndoTest.java:284)
]]></failure>
  </testcase>
  <testcase name="undoByURIWhenEmptyShouldThrow" classname="edu.yu.cs.com1320.project.stage5.UndoTest" time="0.002"/>
  <testcase name="undoWhenEmptyShouldThrow" classname="edu.yu.cs.com1320.project.stage5.UndoTest" time="0.001"/>
</testsuite>